<?xml version="1.0" encoding="UTF-8"?>
<!-- Generated by org.testng.reporters.JUnitReportReporter -->
<testsuite hostname="Shri-Gajanan" name="Com.qa.question1.Question_Google_Maps" tests="1" failures="0" timestamp="19 Jun 2020 13:34:53 GMT" time="27.583" errors="0">
  <testcase name="tasks" time="27.583" classname="Com.qa.question1.Question_Google_Maps"/>
</testsuite> <!-- Com.qa.question1.Question_Google_Maps -->
