<?xml version="1.0" encoding="UTF-8"?>
<!-- Generated by org.testng.reporters.JUnitReportReporter -->
<testsuite hostname="Shri-Gajanan" name="Comm.Qa.Question3.Question_calc" tests="1" failures="0" timestamp="19 Jun 2020 13:15:37 GMT" time="14.746" errors="0">
  <testcase name="result" time="14.746" classname="Comm.Qa.Question3.Question_calc"/>
</testsuite> <!-- Comm.Qa.Question3.Question_calc -->
